#
# A fatal error has been detected by the Java Runtime Environment:
#
#  Internal Error (c:/BuildAgent/work/5ff2f6c26000d570/src/hotspot/share/runtime/vmThread.cpp:733), pid=1244, tid=22148
#  fatal error: Nested VM operation CollectForMetadataAllocation requested by operation ChangeBreakpoints
#
# JRE version: OpenJDK Runtime Environment (11.0.6+8) (build 11.0.6+8-b520.66)
# Java VM: OpenJDK 64-Bit Server VM (11.0.6+8-b520.66, mixed mode, sharing, tiered, compressed oops, g1 gc, windows-amd64)
# No core dump will be written. Minidumps are not enabled by default on client versions of Windows
#
# If you would like to submit a bug report, please visit:
#   http://bugreport.java.com/bugreport/crash.jsp
#

---------------  S U M M A R Y ------------

Command Line: -agentlib:jdwp=transport=dt_socket,address=127.0.0.1:56398,suspend=y,server=n -XX:TieredStopAtLevel=1 -Xverify:none -Dspring.output.ansi.enabled=always -Dcom.sun.management.jmxremote -Dspring.jmx.enabled=true -Dspring.liveBeansView.mbeanDomain -Dspring.application.admin.enabled=true -javaagent:C:\Users\谢昕捷\.IntelliJIdea2019.3\system\captureAgent\debugger-agent.jar=file:/C:/Users/%E8%B0%A2%E6%98%95%E6%8D%B7/AppData/Local/Temp/capture.props -Dfile.encoding=UTF-8 com.xxj.qqbot.MiraiBotApplication

Host: Intel(R) Core(TM) i7-10875H CPU @ 2.30GHz, 16 cores, 15G,  Windows 10 , 64 bit Build 19041 (10.0.19041.1889)
Time: Mon Aug 29 04:07:05 2022 中国标准时间 elapsed time: 2 seconds (0d 0h 0m 2s)

---------------  T H R E A D  ---------------

Current thread (0x0000020a8a2f4800):  VMThread "VM Thread" [stack: 0x000000cbd9c00000,0x000000cbd9d00000] [id=22148]

Stack: [0x000000cbd9c00000,0x000000cbd9d00000]
[error occurred during error reporting (printing stack bounds), id 0xc0000005, EXCEPTION_ACCESS_VIOLATION (0xc0000005) at pc=0x0000020aee1b0dad]

Native frames: (J=compiled Java code, j=interpreted, Vv=VM code, C=native code)
V  [jvm.dll+0x5ddf9a]
V  [jvm.dll+0x710ae5]
V  [jvm.dll+0x712005]
V  [jvm.dll+0x712615]
V  [jvm.dll+0x7125cb]
V  [jvm.dll+0x5dd3e8]
V  [jvm.dll+0x5ddb88]
C  [ntdll.dll+0xa229f]
C  [ntdll.dll+0x51454]
C  [ntdll.dll+0xa0dce]
C  0x0000020aee1b0dad

VM_Operation (0x000000cbda4ff2b0): ChangeBreakpoints, mode: safepoint, requested by thread 0x0000020a8ade5000


---------------  P R O C E S S  ---------------

Threads class SMR info:
_java_thread_list=0x0000020a8bde17b0, length=17, elements={
0x0000020aea0e2000, 0x0000020a8a2f8800, 0x0000020a8a2fa000, 0x0000020a8a31a000,
0x0000020a8a31b000, 0x0000020a8a31d800, 0x0000020a8abac800, 0x0000020a8ad92000,
0x0000020a8ade5000, 0x0000020a8adea800, 0x0000020a8adec000, 0x0000020a8b336800,
0x0000020a8b4e0000, 0x0000020a8bc40000, 0x0000020a8bb6b000, 0x0000020a8bdfe800,
0x0000020a8be6f800
}

Java Threads: ( => current thread )
  0x0000020aea0e2000 JavaThread "main" [_thread_blocked, id=11884, stack(0x000000cbd9600000,0x000000cbd9700000)]
  0x0000020a8a2f8800 JavaThread "Reference Handler" daemon [_thread_blocked, id=16856, stack(0x000000cbd9d00000,0x000000cbd9e00000)]
  0x0000020a8a2fa000 JavaThread "Finalizer" daemon [_thread_blocked, id=368, stack(0x000000cbd9e00000,0x000000cbd9f00000)]
  0x0000020a8a31a000 JavaThread "Signal Dispatcher" daemon [_thread_blocked, id=8368, stack(0x000000cbd9f00000,0x000000cbda000000)]
  0x0000020a8a31b000 JavaThread "Attach Listener" daemon [_thread_blocked, id=15448, stack(0x000000cbda000000,0x000000cbda100000)]
  0x0000020a8a31d800 JavaThread "C1 CompilerThread0" daemon [_thread_blocked, id=19032, stack(0x000000cbda100000,0x000000cbda200000)]
  0x0000020a8abac800 JavaThread "Sweeper thread" daemon [_thread_blocked, id=21348, stack(0x000000cbda200000,0x000000cbda300000)]
  0x0000020a8ad92000 JavaThread "Common-Cleaner" daemon [_thread_blocked, id=24340, stack(0x000000cbda300000,0x000000cbda400000)]
  0x0000020a8ade5000 JavaThread "JDWP Transport Listener: dt_socket" daemon [_thread_blocked, id=13192, stack(0x000000cbda400000,0x000000cbda500000)]
  0x0000020a8adea800 JavaThread "JDWP Event Helper Thread" daemon [_thread_blocked, id=22612, stack(0x000000cbda500000,0x000000cbda600000)]
  0x0000020a8adec000 JavaThread "JDWP Command Reader" daemon [_thread_in_native, id=24320, stack(0x000000cbda600000,0x000000cbda700000)]
  0x0000020a8b336800 JavaThread "Service Thread" daemon [_thread_blocked, id=11784, stack(0x000000cbda700000,0x000000cbda800000)]
  0x0000020a8b4e0000 JavaThread "RMI TCP Accept-0" daemon [_thread_in_native, id=16556, stack(0x000000cbda800000,0x000000cbda900000)]
  0x0000020a8bc40000 JavaThread "Thread-0" [_thread_blocked, id=24008, stack(0x000000cbdaf00000,0x000000cbdb000000)]
  0x0000020a8bb6b000 JavaThread "restartedMain" [_thread_blocked, id=6096, stack(0x000000cbdb000000,0x000000cbdb100000)]
  0x0000020a8bdfe800 JavaThread "RMI TCP Connection(1)-192.168.110.1" daemon [_thread_in_native, id=21396, stack(0x000000cbdb100000,0x000000cbdb200000)]
  0x0000020a8be6f800 JavaThread "RMI Scheduler(0)" daemon [_thread_blocked, id=23344, stack(0x000000cbdb200000,0x000000cbdb300000)]

Other Threads:
=>0x0000020a8a2f4800 VMThread "VM Thread" [stack: 0x000000cbd9c00000,0x000000cbd9d00000] [id=22148]
  0x0000020a8b508000 WatcherThread [stack: 0x000000cbdae00000,0x000000cbdaf00000] [id=9740]
  0x0000020aea0fb000 GCTaskThread "GC Thread#0" [stack: 0x000000cbd9700000,0x000000cbd9800000] [id=21948]
  0x0000020a8b4d6000 GCTaskThread "GC Thread#1" [stack: 0x000000cbda900000,0x000000cbdaa00000] [id=20724]
  0x0000020a8b4c5000 GCTaskThread "GC Thread#2" [stack: 0x000000cbdaa00000,0x000000cbdab00000] [id=23728]
  0x0000020a8b4c5800 GCTaskThread "GC Thread#3" [stack: 0x000000cbdab00000,0x000000cbdac00000] [id=2588]
  0x0000020a8b4c6800 GCTaskThread "GC Thread#4" [stack: 0x000000cbdac00000,0x000000cbdad00000] [id=23248]
  0x0000020a8b4c8000 GCTaskThread "GC Thread#5" [stack: 0x000000cbdad00000,0x000000cbdae00000] [id=1848]
  0x0000020a8c0c0000 GCTaskThread "GC Thread#6" [stack: 0x000000cbdb400000,0x000000cbdb500000] [id=24304]
  0x0000020a8c0b6800 GCTaskThread "GC Thread#7" [stack: 0x000000cbdb500000,0x000000cbdb600000] [id=18444]
  0x0000020aea159800 ConcurrentGCThread "G1 Main Marker" [stack: 0x000000cbd9800000,0x000000cbd9900000] [id=12736]
  0x0000020aea15c000 ConcurrentGCThread "G1 Conc#0" [stack: 0x000000cbd9900000,0x000000cbd9a00000] [id=17588]
  0x0000020a8a1fd800 ConcurrentGCThread "G1 Refine#0" [stack: 0x000000cbd9a00000,0x000000cbd9b00000] [id=22980]
  0x0000020a8a1fe800 ConcurrentGCThread "G1 Young RemSet Sampling" [stack: 0x000000cbd9b00000,0x000000cbd9c00000] [id=11828]

Threads with active compile tasks:

VM state:at safepoint (normal execution)

VM Mutex/Monitor currently owned by a thread:  ([mutex/lock_event])
[0x0000020aea0e1700] Threads_lock - owner thread: 0x0000020a8a2f4800

Heap address: 0x0000000702000000, size: 4064 MB, Compressed Oops mode: Zero based, Oop shift amount: 3
Narrow klass base: 0x0000000800000000, Narrow klass shift: 3
Compressed class space size: 1073741824 Address: 0x0000000840000000

Heap:
 garbage-first heap   total 260096K, used 104416K [0x0000000702000000, 0x0000000800000000)
  region size 1024K, 98 young (100352K), 8 survivors (8192K)
 Metaspace       used 20071K, capacity 21094K, committed 21296K, reserved 1067008K
  class space    used 2697K, capacity 3095K, committed 3200K, reserved 1048576K
Heap Regions: E=young(eden), S=young(survivor), O=old, HS=humongous(starts), HC=humongous(continues), CS=collection set, F=free, A=archive, TAMS=top-at-mark-start (previous, next)
|   0|0x0000000702000000, 0x0000000702100000, 0x0000000702100000|100%|HS|  |TAMS 0x0000000702000000, 0x0000000702000000| Complete 
|   1|0x0000000702100000, 0x0000000702200000, 0x0000000702200000|100%|HS|  |TAMS 0x0000000702100000, 0x0000000702100000| Complete 
|   2|0x0000000702200000, 0x0000000702300000, 0x0000000702300000|100%| O|  |TAMS 0x0000000702200000, 0x0000000702200000| Untracked 
|   3|0x0000000702300000, 0x0000000702400000, 0x0000000702400000|100%| O|  |TAMS 0x0000000702300000, 0x0000000702300000| Untracked 
|   4|0x0000000702400000, 0x0000000702500000, 0x0000000702500000|100%| O|  |TAMS 0x0000000702400000, 0x0000000702400000| Untracked 
|   5|0x0000000702500000, 0x0000000702600000, 0x0000000702600000|100%| O|  |TAMS 0x0000000702500000, 0x0000000702500000| Untracked 
|   6|0x0000000702600000, 0x0000000702689a00, 0x0000000702700000| 53%| O|  |TAMS 0x0000000702600000, 0x0000000702600000| Untracked 
|   7|0x0000000702700000, 0x0000000702700000, 0x0000000702800000|  0%| F|  |TAMS 0x0000000702700000, 0x0000000702700000| Untracked 
|   8|0x0000000702800000, 0x0000000702800000, 0x0000000702900000|  0%| F|  |TAMS 0x0000000702800000, 0x0000000702800000| Untracked 
|   9|0x0000000702900000, 0x0000000702900000, 0x0000000702a00000|  0%| F|  |TAMS 0x0000000702900000, 0x0000000702900000| Untracked 
|  10|0x0000000702a00000, 0x0000000702a00000, 0x0000000702b00000|  0%| F|  |TAMS 0x0000000702a00000, 0x0000000702a00000| Untracked 
|  11|0x0000000702b00000, 0x0000000702b00000, 0x0000000702c00000|  0%| F|  |TAMS 0x0000000702b00000, 0x0000000702b00000| Untracked 
|  12|0x0000000702c00000, 0x0000000702c00000, 0x0000000702d00000|  0%| F|  |TAMS 0x0000000702c00000, 0x0000000702c00000| Untracked 
|  13|0x0000000702d00000, 0x0000000702d00000, 0x0000000702e00000|  0%| F|  |TAMS 0x0000000702d00000, 0x0000000702d00000| Untracked 
|  14|0x0000000702e00000, 0x0000000702e00000, 0x0000000702f00000|  0%| F|  |TAMS 0x0000000702e00000, 0x0000000702e00000| Untracked 
|  15|0x0000000702f00000, 0x0000000702f00000, 0x0000000703000000|  0%| F|  |TAMS 0x0000000702f00000, 0x0000000702f00000| Untracked 
|  16|0x0000000703000000, 0x0000000703000000, 0x0000000703100000|  0%| F|  |TAMS 0x0000000703000000, 0x0000000703000000| Untracked 
|  17|0x0000000703100000, 0x0000000703100000, 0x0000000703200000|  0%| F|  |TAMS 0x0000000703100000, 0x0000000703100000| Untracked 
|  18|0x0000000703200000, 0x0000000703200000, 0x0000000703300000|  0%| F|  |TAMS 0x0000000703200000, 0x0000000703200000| Untracked 
|  19|0x0000000703300000, 0x0000000703300000, 0x0000000703400000|  0%| F|  |TAMS 0x0000000703300000, 0x0000000703300000| Untracked 
|  20|0x0000000703400000, 0x0000000703400000, 0x0000000703500000|  0%| F|  |TAMS 0x0000000703400000, 0x0000000703400000| Untracked 
|  21|0x0000000703500000, 0x0000000703500000, 0x0000000703600000|  0%| F|  |TAMS 0x0000000703500000, 0x0000000703500000| Untracked 
|  22|0x0000000703600000, 0x0000000703600000, 0x0000000703700000|  0%| F|  |TAMS 0x0000000703600000, 0x0000000703600000| Untracked 
|  23|0x0000000703700000, 0x0000000703700000, 0x0000000703800000|  0%| F|  |TAMS 0x0000000703700000, 0x0000000703700000| Untracked 
|  24|0x0000000703800000, 0x0000000703800000, 0x0000000703900000|  0%| F|  |TAMS 0x0000000703800000, 0x0000000703800000| Untracked 
|  25|0x0000000703900000, 0x0000000703900000, 0x0000000703a00000|  0%| F|  |TAMS 0x0000000703900000, 0x0000000703900000| Untracked 
|  26|0x0000000703a00000, 0x0000000703a00000, 0x0000000703b00000|  0%| F|  |TAMS 0x0000000703a00000, 0x0000000703a00000| Untracked 
|  27|0x0000000703b00000, 0x0000000703b00000, 0x0000000703c00000|  0%| F|  |TAMS 0x0000000703b00000, 0x0000000703b00000| Untracked 
|  28|0x0000000703c00000, 0x0000000703c00000, 0x0000000703d00000|  0%| F|  |TAMS 0x0000000703c00000, 0x0000000703c00000| Untracked 
|  29|0x0000000703d00000, 0x0000000703d00000, 0x0000000703e00000|  0%| F|  |TAMS 0x0000000703d00000, 0x0000000703d00000| Untracked 
|  30|0x0000000703e00000, 0x0000000703e00000, 0x0000000703f00000|  0%| F|  |TAMS 0x0000000703e00000, 0x0000000703e00000| Untracked 
|  31|0x0000000703f00000, 0x0000000703f00000, 0x0000000704000000|  0%| F|  |TAMS 0x0000000703f00000, 0x0000000703f00000| Untracked 
|  32|0x0000000704000000, 0x0000000704000000, 0x0000000704100000|  0%| F|  |TAMS 0x0000000704000000, 0x0000000704000000| Untracked 
|  33|0x0000000704100000, 0x0000000704100000, 0x0000000704200000|  0%| F|  |TAMS 0x0000000704100000, 0x0000000704100000| Untracked 
|  34|0x0000000704200000, 0x0000000704200000, 0x0000000704300000|  0%| F|  |TAMS 0x0000000704200000, 0x0000000704200000| Untracked 
|  35|0x0000000704300000, 0x0000000704300000, 0x0000000704400000|  0%| F|  |TAMS 0x0000000704300000, 0x0000000704300000| Untracked 
|  36|0x0000000704400000, 0x0000000704400000, 0x0000000704500000|  0%| F|  |TAMS 0x0000000704400000, 0x0000000704400000| Untracked 
|  37|0x0000000704500000, 0x0000000704500000, 0x0000000704600000|  0%| F|  |TAMS 0x0000000704500000, 0x0000000704500000| Untracked 
|  38|0x0000000704600000, 0x0000000704600000, 0x0000000704700000|  0%| F|  |TAMS 0x0000000704600000, 0x0000000704600000| Untracked 
|  39|0x0000000704700000, 0x0000000704700000, 0x0000000704800000|  0%| F|  |TAMS 0x0000000704700000, 0x0000000704700000| Untracked 
|  40|0x0000000704800000, 0x0000000704800000, 0x0000000704900000|  0%| F|  |TAMS 0x0000000704800000, 0x0000000704800000| Untracked 
|  41|0x0000000704900000, 0x0000000704900000, 0x0000000704a00000|  0%| F|  |TAMS 0x0000000704900000, 0x0000000704900000| Untracked 
|  42|0x0000000704a00000, 0x0000000704a00000, 0x0000000704b00000|  0%| F|  |TAMS 0x0000000704a00000, 0x0000000704a00000| Untracked 
|  43|0x0000000704b00000, 0x0000000704b00000, 0x0000000704c00000|  0%| F|  |TAMS 0x0000000704b00000, 0x0000000704b00000| Untracked 
|  44|0x0000000704c00000, 0x0000000704c00000, 0x0000000704d00000|  0%| F|  |TAMS 0x0000000704c00000, 0x0000000704c00000| Untracked 
|  45|0x0000000704d00000, 0x0000000704d00000, 0x0000000704e00000|  0%| F|  |TAMS 0x0000000704d00000, 0x0000000704d00000| Untracked 
|  46|0x0000000704e00000, 0x0000000704e00000, 0x0000000704f00000|  0%| F|  |TAMS 0x0000000704e00000, 0x0000000704e00000| Untracked 
|  47|0x0000000704f00000, 0x0000000704f00000, 0x0000000705000000|  0%| F|  |TAMS 0x0000000704f00000, 0x0000000704f00000| Untracked 
|  48|0x0000000705000000, 0x0000000705000000, 0x0000000705100000|  0%| F|  |TAMS 0x0000000705000000, 0x0000000705000000| Untracked 
|  49|0x0000000705100000, 0x0000000705100000, 0x0000000705200000|  0%| F|  |TAMS 0x0000000705100000, 0x0000000705100000| Untracked 
|  50|0x0000000705200000, 0x0000000705200000, 0x0000000705300000|  0%| F|  |TAMS 0x0000000705200000, 0x0000000705200000| Untracked 
|  51|0x0000000705300000, 0x0000000705300000, 0x0000000705400000|  0%| F|  |TAMS 0x0000000705300000, 0x0000000705300000| Untracked 
|  52|0x0000000705400000, 0x0000000705400000, 0x0000000705500000|  0%| F|  |TAMS 0x0000000705400000, 0x0000000705400000| Untracked 
|  53|0x0000000705500000, 0x0000000705500000, 0x0000000705600000|  0%| F|  |TAMS 0x0000000705500000, 0x0000000705500000| Untracked 
|  54|0x0000000705600000, 0x0000000705600000, 0x0000000705700000|  0%| F|  |TAMS 0x0000000705600000, 0x0000000705600000| Untracked 
|  55|0x0000000705700000, 0x0000000705700000, 0x0000000705800000|  0%| F|  |TAMS 0x0000000705700000, 0x0000000705700000| Untracked 
|  56|0x0000000705800000, 0x0000000705800000, 0x0000000705900000|  0%| F|  |TAMS 0x0000000705800000, 0x0000000705800000| Untracked 
|  57|0x0000000705900000, 0x0000000705900000, 0x0000000705a00000|  0%| F|  |TAMS 0x0000000705900000, 0x0000000705900000| Untracked 
|  58|0x0000000705a00000, 0x0000000705a00000, 0x0000000705b00000|  0%| F|  |TAMS 0x0000000705a00000, 0x0000000705a00000| Untracked 
|  59|0x0000000705b00000, 0x0000000705b00000, 0x0000000705c00000|  0%| F|  |TAMS 0x0000000705b00000, 0x0000000705b00000| Untracked 
|  60|0x0000000705c00000, 0x0000000705c00000, 0x0000000705d00000|  0%| F|  |TAMS 0x0000000705c00000, 0x0000000705c00000| Untracked 
|  61|0x0000000705d00000, 0x0000000705d00000, 0x0000000705e00000|  0%| F|  |TAMS 0x0000000705d00000, 0x0000000705d00000| Untracked 
|  62|0x0000000705e00000, 0x0000000705e00000, 0x0000000705f00000|  0%| F|  |TAMS 0x0000000705e00000, 0x0000000705e00000| Untracked 
|  63|0x0000000705f00000, 0x0000000705f00000, 0x0000000706000000|  0%| F|  |TAMS 0x0000000705f00000, 0x0000000705f00000| Untracked 
|  64|0x0000000706000000, 0x0000000706000000, 0x0000000706100000|  0%| F|  |TAMS 0x0000000706000000, 0x0000000706000000| Untracked 
|  65|0x0000000706100000, 0x0000000706100000, 0x0000000706200000|  0%| F|  |TAMS 0x0000000706100000, 0x0000000706100000| Untracked 
|  66|0x0000000706200000, 0x0000000706200000, 0x0000000706300000|  0%| F|  |TAMS 0x0000000706200000, 0x0000000706200000| Untracked 
|  67|0x0000000706300000, 0x0000000706300000, 0x0000000706400000|  0%| F|  |TAMS 0x0000000706300000, 0x0000000706300000| Untracked 
|  68|0x0000000706400000, 0x0000000706400000, 0x0000000706500000|  0%| F|  |TAMS 0x0000000706400000, 0x0000000706400000| Untracked 
|  69|0x0000000706500000, 0x0000000706500000, 0x0000000706600000|  0%| F|  |TAMS 0x0000000706500000, 0x0000000706500000| Untracked 
|  70|0x0000000706600000, 0x0000000706600000, 0x0000000706700000|  0%| F|  |TAMS 0x0000000706600000, 0x0000000706600000| Untracked 
|  71|0x0000000706700000, 0x0000000706700000, 0x0000000706800000|  0%| F|  |TAMS 0x0000000706700000, 0x0000000706700000| Untracked 
|  72|0x0000000706800000, 0x0000000706800000, 0x0000000706900000|  0%| F|  |TAMS 0x0000000706800000, 0x0000000706800000| Untracked 
|  73|0x0000000706900000, 0x0000000706900000, 0x0000000706a00000|  0%| F|  |TAMS 0x0000000706900000, 0x0000000706900000| Untracked 
|  74|0x0000000706a00000, 0x0000000706a00000, 0x0000000706b00000|  0%| F|  |TAMS 0x0000000706a00000, 0x0000000706a00000| Untracked 
|  75|0x0000000706b00000, 0x0000000706b00000, 0x0000000706c00000|  0%| F|  |TAMS 0x0000000706b00000, 0x0000000706b00000| Untracked 
|  76|0x0000000706c00000, 0x0000000706c00000, 0x0000000706d00000|  0%| F|  |TAMS 0x0000000706c00000, 0x0000000706c00000| Untracked 
|  77|0x0000000706d00000, 0x0000000706d00000, 0x0000000706e00000|  0%| F|  |TAMS 0x0000000706d00000, 0x0000000706d00000| Untracked 
|  78|0x0000000706e00000, 0x0000000706e00000, 0x0000000706f00000|  0%| F|  |TAMS 0x0000000706e00000, 0x0000000706e00000| Untracked 
|  79|0x0000000706f00000, 0x0000000706f00000, 0x0000000707000000|  0%| F|  |TAMS 0x0000000706f00000, 0x0000000706f00000| Untracked 
|  80|0x0000000707000000, 0x0000000707000000, 0x0000000707100000|  0%| F|  |TAMS 0x0000000707000000, 0x0000000707000000| Untracked 
|  81|0x0000000707100000, 0x0000000707100000, 0x0000000707200000|  0%| F|  |TAMS 0x0000000707100000, 0x0000000707100000| Untracked 
|  82|0x0000000707200000, 0x0000000707200000, 0x0000000707300000|  0%| F|  |TAMS 0x0000000707200000, 0x0000000707200000| Untracked 
|  83|0x0000000707300000, 0x0000000707300000, 0x0000000707400000|  0%| F|  |TAMS 0x0000000707300000, 0x0000000707300000| Untracked 
|  84|0x0000000707400000, 0x0000000707400000, 0x0000000707500000|  0%| F|  |TAMS 0x0000000707400000, 0x0000000707400000| Untracked 
|  85|0x0000000707500000, 0x0000000707500000, 0x0000000707600000|  0%| F|  |TAMS 0x0000000707500000, 0x0000000707500000| Untracked 
|  86|0x0000000707600000, 0x0000000707600000, 0x0000000707700000|  0%| F|  |TAMS 0x0000000707600000, 0x0000000707600000| Untracked 
|  87|0x0000000707700000, 0x0000000707700000, 0x0000000707800000|  0%| F|  |TAMS 0x0000000707700000, 0x0000000707700000| Untracked 
|  88|0x0000000707800000, 0x0000000707800000, 0x0000000707900000|  0%| F|  |TAMS 0x0000000707800000, 0x0000000707800000| Untracked 
|  89|0x0000000707900000, 0x0000000707900000, 0x0000000707a00000|  0%| F|  |TAMS 0x0000000707900000, 0x0000000707900000| Untracked 
|  90|0x0000000707a00000, 0x0000000707a00000, 0x0000000707b00000|  0%| F|  |TAMS 0x0000000707a00000, 0x0000000707a00000| Untracked 
|  91|0x0000000707b00000, 0x0000000707b00000, 0x0000000707c00000|  0%| F|  |TAMS 0x0000000707b00000, 0x0000000707b00000| Untracked 
|  92|0x0000000707c00000, 0x0000000707c00000, 0x0000000707d00000|  0%| F|  |TAMS 0x0000000707c00000, 0x0000000707c00000| Untracked 
|  93|0x0000000707d00000, 0x0000000707d00000, 0x0000000707e00000|  0%| F|  |TAMS 0x0000000707d00000, 0x0000000707d00000| Untracked 
|  94|0x0000000707e00000, 0x0000000707e6e838, 0x0000000707f00000| 43%| S|CS|TAMS 0x0000000707e00000, 0x0000000707e00000| Complete 
|  95|0x0000000707f00000, 0x0000000708000000, 0x0000000708000000|100%| S|CS|TAMS 0x0000000707f00000, 0x0000000707f00000| Complete 
|  96|0x0000000708000000, 0x0000000708100000, 0x0000000708100000|100%| S|CS|TAMS 0x0000000708000000, 0x0000000708000000| Complete 
|  97|0x0000000708100000, 0x0000000708200000, 0x0000000708200000|100%| S|CS|TAMS 0x0000000708100000, 0x0000000708100000| Complete 
|  98|0x0000000708200000, 0x0000000708300000, 0x0000000708300000|100%| S|CS|TAMS 0x0000000708200000, 0x0000000708200000| Complete 
|  99|0x0000000708300000, 0x0000000708400000, 0x0000000708400000|100%| S|CS|TAMS 0x0000000708300000, 0x0000000708300000| Complete 
| 100|0x0000000708400000, 0x0000000708500000, 0x0000000708500000|100%| S|CS|TAMS 0x0000000708400000, 0x0000000708400000| Complete 
| 101|0x0000000708500000, 0x0000000708600000, 0x0000000708600000|100%| S|CS|TAMS 0x0000000708500000, 0x0000000708500000| Complete 
| 102|0x0000000708600000, 0x0000000708600000, 0x0000000708700000|  0%| F|  |TAMS 0x0000000708600000, 0x0000000708600000| Untracked 
| 103|0x0000000708700000, 0x0000000708700000, 0x0000000708800000|  0%| F|  |TAMS 0x0000000708700000, 0x0000000708700000| Untracked 
| 104|0x0000000708800000, 0x0000000708800000, 0x0000000708900000|  0%| F|  |TAMS 0x0000000708800000, 0x0000000708800000| Untracked 
| 105|0x0000000708900000, 0x0000000708900000, 0x0000000708a00000|  0%| F|  |TAMS 0x0000000708900000, 0x0000000708900000| Untracked 
| 106|0x0000000708a00000, 0x0000000708a00000, 0x0000000708b00000|  0%| F|  |TAMS 0x0000000708a00000, 0x0000000708a00000| Untracked 
| 107|0x0000000708b00000, 0x0000000708b00000, 0x0000000708c00000|  0%| F|  |TAMS 0x0000000708b00000, 0x0000000708b00000| Untracked 
| 108|0x0000000708c00000, 0x0000000708c00000, 0x0000000708d00000|  0%| F|  |TAMS 0x0000000708c00000, 0x0000000708c00000| Untracked 
| 109|0x0000000708d00000, 0x0000000708d00000, 0x0000000708e00000|  0%| F|  |TAMS 0x0000000708d00000, 0x0000000708d00000| Untracked 
| 110|0x0000000708e00000, 0x0000000708e00000, 0x0000000708f00000|  0%| F|  |TAMS 0x0000000708e00000, 0x0000000708e00000| Untracked 
| 111|0x0000000708f00000, 0x0000000708f00000, 0x0000000709000000|  0%| F|  |TAMS 0x0000000708f00000, 0x0000000708f00000| Untracked 
| 112|0x0000000709000000, 0x0000000709000000, 0x0000000709100000|  0%| F|  |TAMS 0x0000000709000000, 0x0000000709000000| Untracked 
| 113|0x0000000709100000, 0x0000000709100000, 0x0000000709200000|  0%| F|  |TAMS 0x0000000709100000, 0x0000000709100000| Untracked 
| 114|0x0000000709200000, 0x0000000709200000, 0x0000000709300000|  0%| F|  |TAMS 0x0000000709200000, 0x0000000709200000| Untracked 
| 115|0x0000000709300000, 0x0000000709300000, 0x0000000709400000|  0%| F|  |TAMS 0x0000000709300000, 0x0000000709300000| Untracked 
| 116|0x0000000709400000, 0x0000000709400000, 0x0000000709500000|  0%| F|  |TAMS 0x0000000709400000, 0x0000000709400000| Untracked 
| 117|0x0000000709500000, 0x0000000709500000, 0x0000000709600000|  0%| F|  |TAMS 0x0000000709500000, 0x0000000709500000| Untracked 
| 118|0x0000000709600000, 0x0000000709600000, 0x0000000709700000|  0%| F|  |TAMS 0x0000000709600000, 0x0000000709600000| Untracked 
| 119|0x0000000709700000, 0x0000000709700000, 0x0000000709800000|  0%| F|  |TAMS 0x0000000709700000, 0x0000000709700000| Untracked 
| 120|0x0000000709800000, 0x0000000709800000, 0x0000000709900000|  0%| F|  |TAMS 0x0000000709800000, 0x0000000709800000| Untracked 
| 121|0x0000000709900000, 0x0000000709900000, 0x0000000709a00000|  0%| F|  |TAMS 0x0000000709900000, 0x0000000709900000| Untracked 
| 122|0x0000000709a00000, 0x0000000709a00000, 0x0000000709b00000|  0%| F|  |TAMS 0x0000000709a00000, 0x0000000709a00000| Untracked 
| 123|0x0000000709b00000, 0x0000000709b00000, 0x0000000709c00000|  0%| F|  |TAMS 0x0000000709b00000, 0x0000000709b00000| Untracked 
| 124|0x0000000709c00000, 0x0000000709c00000, 0x0000000709d00000|  0%| F|  |TAMS 0x0000000709c00000, 0x0000000709c00000| Untracked 
| 125|0x0000000709d00000, 0x0000000709d00000, 0x0000000709e00000|  0%| F|  |TAMS 0x0000000709d00000, 0x0000000709d00000| Untracked 
| 126|0x0000000709e00000, 0x0000000709e00000, 0x0000000709f00000|  0%| F|  |TAMS 0x0000000709e00000, 0x0000000709e00000| Untracked 
| 127|0x0000000709f00000, 0x0000000709f00000, 0x000000070a000000|  0%| F|  |TAMS 0x0000000709f00000, 0x0000000709f00000| Untracked 
| 128|0x000000070a000000, 0x000000070a000000, 0x000000070a100000|  0%| F|  |TAMS 0x000000070a000000, 0x000000070a000000| Untracked 
| 129|0x000000070a100000, 0x000000070a100000, 0x000000070a200000|  0%| F|  |TAMS 0x000000070a100000, 0x000000070a100000| Untracked 
| 130|0x000000070a200000, 0x000000070a200000, 0x000000070a300000|  0%| F|  |TAMS 0x000000070a200000, 0x000000070a200000| Untracked 
| 131|0x000000070a300000, 0x000000070a300000, 0x000000070a400000|  0%| F|  |TAMS 0x000000070a300000, 0x000000070a300000| Untracked 
| 132|0x000000070a400000, 0x000000070a400000, 0x000000070a500000|  0%| F|  |TAMS 0x000000070a400000, 0x000000070a400000| Untracked 
| 133|0x000000070a500000, 0x000000070a500000, 0x000000070a600000|  0%| F|  |TAMS 0x000000070a500000, 0x000000070a500000| Untracked 
| 134|0x000000070a600000, 0x000000070a600000, 0x000000070a700000|  0%| F|  |TAMS 0x000000070a600000, 0x000000070a600000| Untracked 
| 135|0x000000070a700000, 0x000000070a700000, 0x000000070a800000|  0%| F|  |TAMS 0x000000070a700000, 0x000000070a700000| Untracked 
| 136|0x000000070a800000, 0x000000070a800000, 0x000000070a900000|  0%| F|  |TAMS 0x000000070a800000, 0x000000070a800000| Untracked 
| 137|0x000000070a900000, 0x000000070a900000, 0x000000070aa00000|  0%| F|  |TAMS 0x000000070a900000, 0x000000070a900000| Untracked 
| 138|0x000000070aa00000, 0x000000070aa00000, 0x000000070ab00000|  0%| F|  |TAMS 0x000000070aa00000, 0x000000070aa00000| Untracked 
| 139|0x000000070ab00000, 0x000000070ab00000, 0x000000070ac00000|  0%| F|  |TAMS 0x000000070ab00000, 0x000000070ab00000| Untracked 
| 140|0x000000070ac00000, 0x000000070ac00000, 0x000000070ad00000|  0%| F|  |TAMS 0x000000070ac00000, 0x000000070ac00000| Untracked 
| 141|0x000000070ad00000, 0x000000070ad00000, 0x000000070ae00000|  0%| F|  |TAMS 0x000000070ad00000, 0x000000070ad00000| Untracked 
| 142|0x000000070ae00000, 0x000000070ae00000, 0x000000070af00000|  0%| F|  |TAMS 0x000000070ae00000, 0x000000070ae00000| Untracked 
| 143|0x000000070af00000, 0x000000070af00000, 0x000000070b000000|  0%| F|  |TAMS 0x000000070af00000, 0x000000070af00000| Untracked 
| 144|0x000000070b000000, 0x000000070b000000, 0x000000070b100000|  0%| F|  |TAMS 0x000000070b000000, 0x000000070b000000| Untracked 
| 145|0x000000070b100000, 0x000000070b100000, 0x000000070b200000|  0%| F|  |TAMS 0x000000070b100000, 0x000000070b100000| Untracked 
| 146|0x000000070b200000, 0x000000070b200000, 0x000000070b300000|  0%| F|  |TAMS 0x000000070b200000, 0x000000070b200000| Untracked 
| 147|0x000000070b300000, 0x000000070b300000, 0x000000070b400000|  0%| F|  |TAMS 0x000000070b300000, 0x000000070b300000| Untracked 
| 148|0x000000070b400000, 0x000000070b400000, 0x000000070b500000|  0%| F|  |TAMS 0x000000070b400000, 0x000000070b400000| Untracked 
| 149|0x000000070b500000, 0x000000070b500000, 0x000000070b600000|  0%| F|  |TAMS 0x000000070b500000, 0x000000070b500000| Untracked 
| 150|0x000000070b600000, 0x000000070b600000, 0x000000070b700000|  0%| F|  |TAMS 0x000000070b600000, 0x000000070b600000| Untracked 
| 151|0x000000070b700000, 0x000000070b700000, 0x000000070b800000|  0%| F|  |TAMS 0x000000070b700000, 0x000000070b700000| Untracked 
| 152|0x000000070b800000, 0x000000070b800000, 0x000000070b900000|  0%| F|  |TAMS 0x000000070b800000, 0x000000070b800000| Untracked 
| 153|0x000000070b900000, 0x000000070b900000, 0x000000070ba00000|  0%| F|  |TAMS 0x000000070b900000, 0x000000070b900000| Untracked 
| 154|0x000000070ba00000, 0x000000070ba00000, 0x000000070bb00000|  0%| F|  |TAMS 0x000000070ba00000, 0x000000070ba00000| Untracked 
| 155|0x000000070bb00000, 0x000000070bb00000, 0x000000070bc00000|  0%| F|  |TAMS 0x000000070bb00000, 0x000000070bb00000| Untracked 
| 156|0x000000070bc00000, 0x000000070bc00000, 0x000000070bd00000|  0%| F|  |TAMS 0x000000070bc00000, 0x000000070bc00000| Untracked 
| 157|0x000000070bd00000, 0x000000070bd00000, 0x000000070be00000|  0%| F|  |TAMS 0x000000070bd00000, 0x000000070bd00000| Untracked 
| 158|0x000000070be00000, 0x000000070be00000, 0x000000070bf00000|  0%| F|  |TAMS 0x000000070be00000, 0x000000070be00000| Untracked 
| 159|0x000000070bf00000, 0x000000070bf00000, 0x000000070c000000|  0%| F|  |TAMS 0x000000070bf00000, 0x000000070bf00000| Untracked 
| 160|0x000000070c000000, 0x000000070c000000, 0x000000070c100000|  0%| F|  |TAMS 0x000000070c000000, 0x000000070c000000| Untracked 
| 161|0x000000070c100000, 0x000000070c100000, 0x000000070c200000|  0%| F|  |TAMS 0x000000070c100000, 0x000000070c100000| Untracked 
| 162|0x000000070c200000, 0x000000070c200000, 0x000000070c300000|  0%| F|  |TAMS 0x000000070c200000, 0x000000070c200000| Untracked 
| 163|0x000000070c300000, 0x000000070c300000, 0x000000070c400000|  0%| F|  |TAMS 0x000000070c300000, 0x000000070c300000| Untracked 
| 164|0x000000070c400000, 0x000000070c480800, 0x000000070c500000| 50%| E|  |TAMS 0x000000070c400000, 0x000000070c400000| Complete 
| 165|0x000000070c500000, 0x000000070c600000, 0x000000070c600000|100%| E|CS|TAMS 0x000000070c500000, 0x000000070c500000| Complete 
| 166|0x000000070c600000, 0x000000070c700000, 0x000000070c700000|100%| E|CS|TAMS 0x000000070c600000, 0x000000070c600000| Complete 
| 167|0x000000070c700000, 0x000000070c800000, 0x000000070c800000|100%| E|CS|TAMS 0x000000070c700000, 0x000000070c700000| Complete 
| 168|0x000000070c800000, 0x000000070c900000, 0x000000070c900000|100%| E|CS|TAMS 0x000000070c800000, 0x000000070c800000| Complete 
| 169|0x000000070c900000, 0x000000070ca00000, 0x000000070ca00000|100%| E|CS|TAMS 0x000000070c900000, 0x000000070c900000| Complete 
| 170|0x000000070ca00000, 0x000000070cb00000, 0x000000070cb00000|100%| E|CS|TAMS 0x000000070ca00000, 0x000000070ca00000| Complete 
| 171|0x000000070cb00000, 0x000000070cc00000, 0x000000070cc00000|100%| E|CS|TAMS 0x000000070cb00000, 0x000000070cb00000| Complete 
| 172|0x000000070cc00000, 0x000000070cd00000, 0x000000070cd00000|100%| E|CS|TAMS 0x000000070cc00000, 0x000000070cc00000| Complete 
| 173|0x000000070cd00000, 0x000000070ce00000, 0x000000070ce00000|100%| E|CS|TAMS 0x000000070cd00000, 0x000000070cd00000| Complete 
| 174|0x000000070ce00000, 0x000000070cf00000, 0x000000070cf00000|100%| E|CS|TAMS 0x000000070ce00000, 0x000000070ce00000| Complete 
| 175|0x000000070cf00000, 0x000000070d000000, 0x000000070d000000|100%| E|CS|TAMS 0x000000070cf00000, 0x000000070cf00000| Complete 
| 176|0x000000070d000000, 0x000000070d100000, 0x000000070d100000|100%| E|CS|TAMS 0x000000070d000000, 0x000000070d000000| Complete 
| 177|0x000000070d100000, 0x000000070d200000, 0x000000070d200000|100%| E|CS|TAMS 0x000000070d100000, 0x000000070d100000| Complete 
| 178|0x000000070d200000, 0x000000070d300000, 0x000000070d300000|100%| E|CS|TAMS 0x000000070d200000, 0x000000070d200000| Complete 
| 179|0x000000070d300000, 0x000000070d400000, 0x000000070d400000|100%| E|CS|TAMS 0x000000070d300000, 0x000000070d300000| Complete 
| 180|0x000000070d400000, 0x000000070d500000, 0x000000070d500000|100%| E|CS|TAMS 0x000000070d400000, 0x000000070d400000| Complete 
| 181|0x000000070d500000, 0x000000070d600000, 0x000000070d600000|100%| E|CS|TAMS 0x000000070d500000, 0x000000070d500000| Complete 
| 182|0x000000070d600000, 0x000000070d700000, 0x000000070d700000|100%| E|CS|TAMS 0x000000070d600000, 0x000000070d600000| Complete 
| 183|0x000000070d700000, 0x000000070d800000, 0x000000070d800000|100%| E|CS|TAMS 0x000000070d700000, 0x000000070d700000| Complete 
| 184|0x000000070d800000, 0x000000070d900000, 0x000000070d900000|100%| E|CS|TAMS 0x000000070d800000, 0x000000070d800000| Complete 
| 185|0x000000070d900000, 0x000000070da00000, 0x000000070da00000|100%| E|CS|TAMS 0x000000070d900000, 0x000000070d900000| Complete 
| 186|0x000000070da00000, 0x000000070db00000, 0x000000070db00000|100%| E|CS|TAMS 0x000000070da00000, 0x000000070da00000| Complete 
| 187|0x000000070db00000, 0x000000070dc00000, 0x000000070dc00000|100%| E|CS|TAMS 0x000000070db00000, 0x000000070db00000| Complete 
| 188|0x000000070dc00000, 0x000000070dd00000, 0x000000070dd00000|100%| E|CS|TAMS 0x000000070dc00000, 0x000000070dc00000| Complete 
| 189|0x000000070dd00000, 0x000000070de00000, 0x000000070de00000|100%| E|CS|TAMS 0x000000070dd00000, 0x000000070dd00000| Complete 
| 190|0x000000070de00000, 0x000000070df00000, 0x000000070df00000|100%| E|CS|TAMS 0x000000070de00000, 0x000000070de00000| Complete 
| 191|0x000000070df00000, 0x000000070e000000, 0x000000070e000000|100%| E|CS|TAMS 0x000000070df00000, 0x000000070df00000| Complete 
| 192|0x000000070e000000, 0x000000070e100000, 0x000000070e100000|100%| E|CS|TAMS 0x000000070e000000, 0x000000070e000000| Complete 
| 193|0x000000070e100000, 0x000000070e200000, 0x000000070e200000|100%| E|CS|TAMS 0x000000070e100000, 0x000000070e100000| Complete 
| 194|0x000000070e200000, 0x000000070e300000, 0x000000070e300000|100%| E|CS|TAMS 0x000000070e200000, 0x000000070e200000| Complete 
| 195|0x000000070e300000, 0x000000070e400000, 0x000000070e400000|100%| E|CS|TAMS 0x000000070e300000, 0x000000070e300000| Complete 
| 196|0x000000070e400000, 0x000000070e500000, 0x000000070e500000|100%| E|CS|TAMS 0x000000070e400000, 0x000000070e400000| Complete 
| 197|0x000000070e500000, 0x000000070e600000, 0x000000070e600000|100%| E|CS|TAMS 0x000000070e500000, 0x000000070e500000| Complete 
| 198|0x000000070e600000, 0x000000070e700000, 0x000000070e700000|100%| E|CS|TAMS 0x000000070e600000, 0x000000070e600000| Complete 
| 199|0x000000070e700000, 0x000000070e800000, 0x000000070e800000|100%| E|CS|TAMS 0x000000070e700000, 0x000000070e700000| Complete 
| 200|0x000000070e800000, 0x000000070e900000, 0x000000070e900000|100%| E|CS|TAMS 0x000000070e800000, 0x000000070e800000| Complete 
| 201|0x000000070e900000, 0x000000070ea00000, 0x000000070ea00000|100%| E|CS|TAMS 0x000000070e900000, 0x000000070e900000| Complete 
| 202|0x000000070ea00000, 0x000000070eb00000, 0x000000070eb00000|100%| E|CS|TAMS 0x000000070ea00000, 0x000000070ea00000| Complete 
| 203|0x000000070eb00000, 0x000000070ec00000, 0x000000070ec00000|100%| E|CS|TAMS 0x000000070eb00000, 0x000000070eb00000| Complete 
| 204|0x000000070ec00000, 0x000000070ed00000, 0x000000070ed00000|100%| E|CS|TAMS 0x000000070ec00000, 0x000000070ec00000| Complete 
| 205|0x000000070ed00000, 0x000000070ee00000, 0x000000070ee00000|100%| E|CS|TAMS 0x000000070ed00000, 0x000000070ed00000| Complete 
| 206|0x000000070ee00000, 0x000000070ef00000, 0x000000070ef00000|100%| E|CS|TAMS 0x000000070ee00000, 0x000000070ee00000| Complete 
| 207|0x000000070ef00000, 0x000000070f000000, 0x000000070f000000|100%| E|CS|TAMS 0x000000070ef00000, 0x000000070ef00000| Complete 
| 208|0x000000070f000000, 0x000000070f100000, 0x000000070f100000|100%| E|CS|TAMS 0x000000070f000000, 0x000000070f000000| Complete 
| 209|0x000000070f100000, 0x000000070f200000, 0x000000070f200000|100%| E|CS|TAMS 0x000000070f100000, 0x000000070f100000| Complete 
| 210|0x000000070f200000, 0x000000070f300000, 0x000000070f300000|100%| E|CS|TAMS 0x000000070f200000, 0x000000070f200000| Complete 
| 211|0x000000070f300000, 0x000000070f400000, 0x000000070f400000|100%| E|CS|TAMS 0x000000070f300000, 0x000000070f300000| Complete 
| 212|0x000000070f400000, 0x000000070f500000, 0x000000070f500000|100%| E|CS|TAMS 0x000000070f400000, 0x000000070f400000| Complete 
| 213|0x000000070f500000, 0x000000070f600000, 0x000000070f600000|100%| E|CS|TAMS 0x000000070f500000, 0x000000070f500000| Complete 
| 214|0x000000070f600000, 0x000000070f700000, 0x000000070f700000|100%| E|CS|TAMS 0x000000070f600000, 0x000000070f600000| Complete 
| 215|0x000000070f700000, 0x000000070f800000, 0x000000070f800000|100%| E|CS|TAMS 0x000000070f700000, 0x000000070f700000| Complete 
| 216|0x000000070f800000, 0x000000070f900000, 0x000000070f900000|100%| E|CS|TAMS 0x000000070f800000, 0x000000070f800000| Complete 
| 217|0x000000070f900000, 0x000000070fa00000, 0x000000070fa00000|100%| E|CS|TAMS 0x000000070f900000, 0x000000070f900000| Complete 
| 218|0x000000070fa00000, 0x000000070fb00000, 0x000000070fb00000|100%| E|CS|TAMS 0x000000070fa00000, 0x000000070fa00000| Complete 
| 219|0x000000070fb00000, 0x000000070fc00000, 0x000000070fc00000|100%| E|CS|TAMS 0x000000070fb00000, 0x000000070fb00000| Complete 
| 220|0x000000070fc00000, 0x000000070fd00000, 0x000000070fd00000|100%| E|CS|TAMS 0x000000070fc00000, 0x000000070fc00000| Complete 
| 221|0x000000070fd00000, 0x000000070fe00000, 0x000000070fe00000|100%| E|CS|TAMS 0x000000070fd00000, 0x000000070fd00000| Complete 
| 222|0x000000070fe00000, 0x000000070ff00000, 0x000000070ff00000|100%| E|CS|TAMS 0x000000070fe00000, 0x000000070fe00000| Complete 
| 223|0x000000070ff00000, 0x0000000710000000, 0x0000000710000000|100%| E|CS|TAMS 0x000000070ff00000, 0x000000070ff00000| Complete 
| 224|0x0000000710000000, 0x0000000710100000, 0x0000000710100000|100%| E|CS|TAMS 0x0000000710000000, 0x0000000710000000| Complete 
| 225|0x0000000710100000, 0x0000000710200000, 0x0000000710200000|100%| E|CS|TAMS 0x0000000710100000, 0x0000000710100000| Complete 
| 226|0x0000000710200000, 0x0000000710300000, 0x0000000710300000|100%| E|CS|TAMS 0x0000000710200000, 0x0000000710200000| Complete 
| 227|0x0000000710300000, 0x0000000710400000, 0x0000000710400000|100%| E|CS|TAMS 0x0000000710300000, 0x0000000710300000| Complete 
| 228|0x0000000710400000, 0x0000000710500000, 0x0000000710500000|100%| E|CS|TAMS 0x0000000710400000, 0x0000000710400000| Complete 
| 229|0x0000000710500000, 0x0000000710600000, 0x0000000710600000|100%| E|CS|TAMS 0x0000000710500000, 0x0000000710500000| Complete 
| 230|0x0000000710600000, 0x0000000710700000, 0x0000000710700000|100%| E|CS|TAMS 0x0000000710600000, 0x0000000710600000| Complete 
| 231|0x0000000710700000, 0x0000000710800000, 0x0000000710800000|100%| E|CS|TAMS 0x0000000710700000, 0x0000000710700000| Complete 
| 232|0x0000000710800000, 0x0000000710900000, 0x0000000710900000|100%| E|CS|TAMS 0x0000000710800000, 0x0000000710800000| Complete 
| 233|0x0000000710900000, 0x0000000710a00000, 0x0000000710a00000|100%| E|CS|TAMS 0x0000000710900000, 0x0000000710900000| Complete 
| 234|0x0000000710a00000, 0x0000000710b00000, 0x0000000710b00000|100%| E|CS|TAMS 0x0000000710a00000, 0x0000000710a00000| Complete 
| 235|0x0000000710b00000, 0x0000000710c00000, 0x0000000710c00000|100%| E|CS|TAMS 0x0000000710b00000, 0x0000000710b00000| Complete 
| 236|0x0000000710c00000, 0x0000000710d00000, 0x0000000710d00000|100%| E|CS|TAMS 0x0000000710c00000, 0x0000000710c00000| Complete 
| 237|0x0000000710d00000, 0x0000000710e00000, 0x0000000710e00000|100%| E|  |TAMS 0x0000000710d00000, 0x0000000710d00000| Complete 
| 238|0x0000000710e00000, 0x0000000710f00000, 0x0000000710f00000|100%| E|CS|TAMS 0x0000000710e00000, 0x0000000710e00000| Complete 
| 239|0x0000000710f00000, 0x0000000711000000, 0x0000000711000000|100%| E|CS|TAMS 0x0000000710f00000, 0x0000000710f00000| Complete 
| 240|0x0000000711000000, 0x0000000711100000, 0x0000000711100000|100%| E|CS|TAMS 0x0000000711000000, 0x0000000711000000| Complete 
| 241|0x0000000711100000, 0x0000000711200000, 0x0000000711200000|100%| E|CS|TAMS 0x0000000711100000, 0x0000000711100000| Complete 
| 242|0x0000000711200000, 0x0000000711300000, 0x0000000711300000|100%| E|CS|TAMS 0x0000000711200000, 0x0000000711200000| Complete 
| 243|0x0000000711300000, 0x0000000711400000, 0x0000000711400000|100%| E|CS|TAMS 0x0000000711300000, 0x0000000711300000| Complete 
| 244|0x0000000711400000, 0x0000000711500000, 0x0000000711500000|100%| E|CS|TAMS 0x0000000711400000, 0x0000000711400000| Complete 
| 245|0x0000000711500000, 0x0000000711600000, 0x0000000711600000|100%| E|CS|TAMS 0x0000000711500000, 0x0000000711500000| Complete 
| 246|0x0000000711600000, 0x0000000711700000, 0x0000000711700000|100%| E|CS|TAMS 0x0000000711600000, 0x0000000711600000| Complete 
| 247|0x0000000711700000, 0x0000000711800000, 0x0000000711800000|100%| E|CS|TAMS 0x0000000711700000, 0x0000000711700000| Complete 
| 248|0x0000000711800000, 0x0000000711900000, 0x0000000711900000|100%| E|CS|TAMS 0x0000000711800000, 0x0000000711800000| Complete 
| 249|0x0000000711900000, 0x0000000711a00000, 0x0000000711a00000|100%| E|CS|TAMS 0x0000000711900000, 0x0000000711900000| Complete 
| 250|0x0000000711a00000, 0x0000000711b00000, 0x0000000711b00000|100%| E|CS|TAMS 0x0000000711a00000, 0x0000000711a00000| Complete 
| 251|0x0000000711b00000, 0x0000000711c00000, 0x0000000711c00000|100%| E|CS|TAMS 0x0000000711b00000, 0x0000000711b00000| Complete 
| 252|0x0000000711c00000, 0x0000000711d00000, 0x0000000711d00000|100%| E|CS|TAMS 0x0000000711c00000, 0x0000000711c00000| Complete 
| 253|0x0000000711d00000, 0x0000000711e00000, 0x0000000711e00000|100%| E|CS|TAMS 0x0000000711d00000, 0x0000000711d00000| Complete 

Card table byte_map: [0x0000020afe220000,0x0000020afea10000] _byte_map_base: 0x0000020afaa10000

Marking Bits (Prev, Next): (CMBitMap*) 0x0000020aea149058, (CMBitMap*) 0x0000020aea149090
 Prev Bits: [0x0000020a80000000, 0x0000020a83f80000)
 Next Bits: [0x0000020a83f80000, 0x0000020a87f00000)

Polling page: 0x0000020ae8030000

Metaspace:

Usage:
  Non-class:     17.58 MB capacity,    16.97 MB ( 97%) used,   524.70 KB (  3%) free+waste,   100.63 KB ( <1%) overhead. 
      Class:      3.02 MB capacity,     2.63 MB ( 87%) used,   344.91 KB ( 11%) free+waste,    52.25 KB (  2%) overhead. 
       Both:     20.60 MB capacity,    19.60 MB ( 95%) used,   869.61 KB (  4%) free+waste,   152.88 KB ( <1%) overhead. 

Virtual space:
  Non-class space:       18.00 MB reserved,      17.67 MB ( 98%) committed 
      Class space:        1.00 GB reserved,       3.13 MB ( <1%) committed 
             Both:        1.02 GB reserved,      20.80 MB (  2%) committed 

Chunk freelists:
   Non-Class:  49.00 KB
       Class:  9.00 KB
        Both:  58.00 KB

MaxMetaspaceSize: 17179869184.00 GB
CompressedClassSpaceSize: 1.00 GB

CodeHeap 'non-profiled nmethods': size=233856Kb used=5922Kb max_used=5922Kb free=227933Kb
 bounds [0x0000020aeed50000, 0x0000020aef320000, 0x0000020afd1b0000]
CodeHeap 'non-nmethods': size=11904Kb used=1258Kb max_used=1258Kb free=10645Kb
 bounds [0x0000020aee1b0000, 0x0000020aee420000, 0x0000020aeed50000]
 total_blobs=4128 nmethods=3356 adapters=432
 compilation: enabled
              stopped_count=0, restarted_count=0
 full_count=0

Compilation events (20 events):
Event: 2.662 Thread 0x0000020a8a31d800 3347       1       java.util.Hashtable$Entry::<init> (26 bytes)
Event: 2.662 Thread 0x0000020a8a31d800 nmethod 3347 0x0000020aef315c90 code [0x0000020aef315e40, 0x0000020aef3160b8]
Event: 2.664 Thread 0x0000020a8a31d800 3348       1       com.sun.beans.util.Cache$Kind$Soft::getReferent (5 bytes)
Event: 2.664 Thread 0x0000020a8a31d800 nmethod 3348 0x0000020aef316110 code [0x0000020aef3162c0, 0x0000020aef316438]
Event: 2.664 Thread 0x0000020a8a31d800 3349       1       java.util.ArrayList::rangeCheckForAdd (26 bytes)
Event: 2.665 Thread 0x0000020a8a31d800 nmethod 3349 0x0000020aef316490 code [0x0000020aef3166a0, 0x0000020aef3169f0]
Event: 2.667 Thread 0x0000020a8a31d800 3350       1       java.lang.Package$VersionInfo::<init> (44 bytes)
Event: 2.667 Thread 0x0000020a8a31d800 nmethod 3350 0x0000020aef316c10 code [0x0000020aef316de0, 0x0000020aef3171d8]
Event: 2.668 Thread 0x0000020a8a31d800 3351       1       org.springframework.core.MethodParameter::getContainingClass (18 bytes)
Event: 2.669 Thread 0x0000020a8a31d800 nmethod 3351 0x0000020aef317290 code [0x0000020aef317440, 0x0000020aef3175d0]
Event: 2.670 Thread 0x0000020a8a31d800 3352       1       org.springframework.util.Assert::isTrue (17 bytes)
Event: 2.670 Thread 0x0000020a8a31d800 nmethod 3352 0x0000020aef317690 code [0x0000020aef317860, 0x0000020aef317ac0]
Event: 2.670 Thread 0x0000020a8a31d800 3353       1       org.springframework.beans.factory.config.SmartInstantiationAwareBeanPostProcessor::predictBeanType (2 bytes)
Event: 2.670 Thread 0x0000020a8a31d800 nmethod 3353 0x0000020aef317c10 code [0x0000020aef317dc0, 0x0000020aef317ef8]
Event: 2.674 Thread 0x0000020a8a31d800 3354       1       org.springframework.beans.factory.support.AbstractBeanFactory::getBeanClassLoader (5 bytes)
Event: 2.674 Thread 0x0000020a8a31d800 nmethod 3354 0x0000020aef317f90 code [0x0000020aef318140, 0x0000020aef318278]
Event: 2.675 Thread 0x0000020a8a31d800 3355       1       org.springframework.aop.framework.autoproxy.AbstractAutoProxyCreator::predictBeanType (35 bytes)
Event: 2.675 Thread 0x0000020a8a31d800 nmethod 3355 0x0000020aef318310 code [0x0000020aef3184e0, 0x0000020aef318730]
Event: 2.675 Thread 0x0000020a8a31d800 3356       1       org.springframework.core.annotation.AttributeMethods::hasNestedAnnotation (5 bytes)
Event: 2.675 Thread 0x0000020a8a31d800 nmethod 3356 0x0000020aef318810 code [0x0000020aef3189c0, 0x0000020aef318af8]

GC Heap History (4 events):
Event: 1.208 GC heap before
{Heap before GC invocations=0 (full 0):
 garbage-first heap   total 260096K, used 25600K [0x0000000702000000, 0x0000000800000000)
  region size 1024K, 24 young (24576K), 0 survivors (0K)
 Metaspace       used 4217K, capacity 5094K, committed 5248K, reserved 1056768K
  class space    used 540K, capacity 625K, committed 640K, reserved 1048576K
}
Event: 1.211 GC heap after
{Heap after GC invocations=1 (full 0):
 garbage-first heap   total 260096K, used 9766K [0x0000000702000000, 0x0000000800000000)
  region size 1024K, 3 young (3072K), 3 survivors (3072K)
 Metaspace       used 4217K, capacity 5094K, committed 5248K, reserved 1056768K
  class space    used 540K, capacity 625K, committed 640K, reserved 1048576K
}
Event: 2.126 GC heap before
{Heap before GC invocations=1 (full 0):
 garbage-first heap   total 260096K, used 161318K [0x0000000702000000, 0x0000000800000000)
  region size 1024K, 152 young (155648K), 3 survivors (3072K)
 Metaspace       used 14707K, capacity 15527K, committed 15616K, reserved 1062912K
  class space    used 1983K, capacity 2292K, committed 2304K, reserved 1048576K
}
Event: 2.131 GC heap after
{Heap after GC invocations=2 (full 0):
 garbage-first heap   total 260096K, used 14304K [0x0000000702000000, 0x0000000800000000)
  region size 1024K, 8 young (8192K), 8 survivors (8192K)
 Metaspace       used 14707K, capacity 15527K, committed 15616K, reserved 1062912K
  class space    used 1983K, capacity 2292K, committed 2304K, reserved 1048576K
}

Deoptimization events (20 events):
Event: 2.664 Thread 0x0000020a8bb6b000 DEOPT PACKING pc=0x0000020aeef73f3c sp=0x000000cbdb0fc960
Event: 2.664 Thread 0x0000020a8bb6b000 DEOPT UNPACKING pc=0x0000020aee1ed74e sp=0x000000cbdb0fbe18 mode 1
Event: 2.664 Thread 0x0000020a8bb6b000 DEOPT PACKING pc=0x0000020aeef10b7c sp=0x000000cbdb0fd3e0
Event: 2.664 Thread 0x0000020a8bb6b000 DEOPT UNPACKING pc=0x0000020aee1ed74e sp=0x000000cbdb0fc8d0 mode 1
Event: 2.664 Thread 0x0000020a8bb6b000 DEOPT PACKING pc=0x0000020aef0f7e44 sp=0x000000cbdb0fd420
Event: 2.664 Thread 0x0000020a8bb6b000 DEOPT UNPACKING pc=0x0000020aee1ed74e sp=0x000000cbdb0fc8f0 mode 1
Event: 2.665 Thread 0x0000020a8bb6b000 DEOPT PACKING pc=0x0000020aef1751ec sp=0x000000cbdb0fd310
Event: 2.665 Thread 0x0000020a8bb6b000 DEOPT UNPACKING pc=0x0000020aee1ed74e sp=0x000000cbdb0fc848 mode 1
Event: 2.665 Thread 0x0000020a8bb6b000 DEOPT PACKING pc=0x0000020aef1751ec sp=0x000000cbdb0fd390
Event: 2.665 Thread 0x0000020a8bb6b000 DEOPT UNPACKING pc=0x0000020aee1ed74e sp=0x000000cbdb0fc8c8 mode 1
Event: 2.665 Thread 0x0000020a8bb6b000 DEOPT PACKING pc=0x0000020aef1751ec sp=0x000000cbdb0fd390
Event: 2.665 Thread 0x0000020a8bb6b000 DEOPT UNPACKING pc=0x0000020aee1ed74e sp=0x000000cbdb0fc8c8 mode 1
Event: 2.665 Thread 0x0000020a8bb6b000 DEOPT PACKING pc=0x0000020aef1751ec sp=0x000000cbdb0fd390
Event: 2.665 Thread 0x0000020a8bb6b000 DEOPT UNPACKING pc=0x0000020aee1ed74e sp=0x000000cbdb0fc8c8 mode 1
Event: 2.665 Thread 0x0000020a8bb6b000 DEOPT PACKING pc=0x0000020aef1746fc sp=0x000000cbdb0fd330
Event: 2.665 Thread 0x0000020a8bb6b000 DEOPT UNPACKING pc=0x0000020aee1ed74e sp=0x000000cbdb0fc838 mode 1
Event: 2.673 Thread 0x0000020a8bb6b000 DEOPT PACKING pc=0x0000020aef1751ec sp=0x000000cbdb0fdb10
Event: 2.673 Thread 0x0000020a8bb6b000 DEOPT UNPACKING pc=0x0000020aee1ed74e sp=0x000000cbdb0fd048 mode 1
Event: 2.673 Thread 0x0000020a8bb6b000 DEOPT PACKING pc=0x0000020aef1751ec sp=0x000000cbdb0fdb10
Event: 2.673 Thread 0x0000020a8bb6b000 DEOPT UNPACKING pc=0x0000020aee1ed74e sp=0x000000cbdb0fd048 mode 1

Classes redefined (0 events):
No events

Internal exceptions (20 events):
Event: 2.633 Thread 0x0000020a8bb6b000 Exception <a 'java/lang/NoClassDefFoundError'{0x000000070ca51da8}: org/jooq/DSLContext> (0x000000070ca51da8) thrown at [c:/BuildAgent/work/5ff2f6c26000d570/src/hotspot/share/classfile/systemDictionary.cpp, line 220]
Event: 2.633 Thread 0x0000020a8bb6b000 Exception <a 'java/lang/NoClassDefFoundError'{0x000000070ca676e8}: org/springframework/batch/core/repository/JobRepository> (0x000000070ca676e8) thrown at [c:/BuildAgent/work/5ff2f6c26000d570/src/hotspot/share/classfile/systemDictionary.cpp, line 220]
Event: 2.634 Thread 0x0000020a8bb6b000 Exception <a 'java/lang/NoClassDefFoundError'{0x000000070ca72278}: org/quartz/Scheduler> (0x000000070ca72278) thrown at [c:/BuildAgent/work/5ff2f6c26000d570/src/hotspot/share/classfile/systemDictionary.cpp, line 220]
Event: 2.634 Thread 0x0000020a8bb6b000 Exception <a 'java/lang/NoClassDefFoundError'{0x000000070ca818f8}: org/springframework/session/jdbc/JdbcIndexedSessionRepository> (0x000000070ca818f8) thrown at [c:/BuildAgent/work/5ff2f6c26000d570/src/hotspot/share/classfile/systemDictionary.cpp, line 22
Event: 2.653 Thread 0x0000020a8bb6b000 Exception <a 'java/lang/ClassNotFoundException'{0x000000070c8b2f48}: java/lang/ObjectCustomizer> (0x000000070c8b2f48) thrown at [c:/BuildAgent/work/5ff2f6c26000d570/src/hotspot/share/classfile/systemDictionary.cpp, line 231]
Event: 2.654 Thread 0x0000020a8bb6b000 Exception <a 'java/lang/ClassNotFoundException'{0x000000070c8d5960}: org/springframework/aop/framework/ProxyConfigCustomizer> (0x000000070c8d5960) thrown at [c:/BuildAgent/work/5ff2f6c26000d570/src/hotspot/share/classfile/systemDictionary.cpp, line 231]
Event: 2.655 Thread 0x0000020a8bb6b000 Exception <a 'java/lang/ClassNotFoundException'{0x000000070c8fe978}: org/springframework/aop/framework/ProxyProcessorSupportCustomizer> (0x000000070c8fe978) thrown at [c:/BuildAgent/work/5ff2f6c26000d570/src/hotspot/share/classfile/systemDictionary.cpp, l
Event: 2.655 Thread 0x0000020a8bb6b000 Exception <a 'java/lang/ClassNotFoundException'{0x000000070c728648}: org/springframework/aop/framework/autoproxy/AbstractAutoProxyCreatorCustomizer> (0x000000070c728648) thrown at [c:/BuildAgent/work/5ff2f6c26000d570/src/hotspot/share/classfile/systemDict
Event: 2.657 Thread 0x0000020a8bb6b000 Exception <a 'java/lang/ClassNotFoundException'{0x000000070c75fc70}: org/springframework/aop/framework/autoproxy/AbstractAdvisorAutoProxyCreatorCustomizer> (0x000000070c75fc70) thrown at [c:/BuildAgent/work/5ff2f6c26000d570/src/hotspot/share/classfile/sys
Event: 2.658 Thread 0x0000020a8bb6b000 Exception <a 'java/lang/ClassNotFoundException'{0x000000070c78b1c8}: org/springframework/aop/aspectj/autoproxy/AspectJAwareAdvisorAutoProxyCreatorCustomizer> (0x000000070c78b1c8) thrown at [c:/BuildAgent/work/5ff2f6c26000d570/src/hotspot/share/classfile/s
Event: 2.659 Thread 0x0000020a8bb6b000 Exception <a 'java/lang/ClassNotFoundException'{0x000000070c7b5f70}: org/springframework/aop/aspectj/annotation/AnnotationAwareAspectJAutoProxyCreatorCustomizer> (0x000000070c7b5f70) thrown at [c:/BuildAgent/work/5ff2f6c26000d570/src/hotspot/share/classfi
Event: 2.660 Thread 0x0000020a8bb6b000 Exception <a 'java/lang/ClassNotFoundException'{0x000000070c7f1e00}: org/springframework/beans/factory/config/SmartInstantiationAwareBeanPostProcessorCustomizer> (0x000000070c7f1e00) thrown at [c:/BuildAgent/work/5ff2f6c26000d570/src/hotspot/share/classfi
Event: 2.660 Thread 0x0000020a8bb6b000 Exception <a 'java/lang/ClassNotFoundException'{0x000000070c61cfc0}: org/springframework/beans/factory/config/InstantiationAwareBeanPostProcessorCustomizer> (0x000000070c61cfc0) thrown at [c:/BuildAgent/work/5ff2f6c26000d570/src/hotspot/share/classfile/sy
Event: 2.661 Thread 0x0000020a8bb6b000 Exception <a 'java/lang/ClassNotFoundException'{0x000000070c643368}: org/springframework/beans/factory/config/BeanPostProcessorCustomizer> (0x000000070c643368) thrown at [c:/BuildAgent/work/5ff2f6c26000d570/src/hotspot/share/classfile/systemDictionary.cpp
Event: 2.662 Thread 0x0000020a8bb6b000 Exception <a 'java/lang/ClassNotFoundException'{0x000000070c665518}: org/springframework/beans/factory/BeanFactoryAwareCustomizer> (0x000000070c665518) thrown at [c:/BuildAgent/work/5ff2f6c26000d570/src/hotspot/share/classfile/systemDictionary.cpp, line 2
Event: 2.662 Thread 0x0000020a8bb6b000 Exception <a 'java/lang/ClassNotFoundException'{0x000000070c6849c8}: org/springframework/beans/factory/AwareCustomizer> (0x000000070c6849c8) thrown at [c:/BuildAgent/work/5ff2f6c26000d570/src/hotspot/share/classfile/systemDictionary.cpp, line 231]
Event: 2.663 Thread 0x0000020a8bb6b000 Exception <a 'java/lang/ClassNotFoundException'{0x000000070c6a0a48}: org/springframework/core/OrderedCustomizer> (0x000000070c6a0a48) thrown at [c:/BuildAgent/work/5ff2f6c26000d570/src/hotspot/share/classfile/systemDictionary.cpp, line 231]
Event: 2.663 Thread 0x0000020a8bb6b000 Exception <a 'java/lang/ClassNotFoundException'{0x000000070c6c2c20}: org/springframework/beans/factory/BeanClassLoaderAwareCustomizer> (0x000000070c6c2c20) thrown at [c:/BuildAgent/work/5ff2f6c26000d570/src/hotspot/share/classfile/systemDictionary.cpp, li
Event: 2.664 Thread 0x0000020a8bb6b000 Exception <a 'java/lang/ClassNotFoundException'{0x000000070c6e1540}: org/springframework/beans/factory/AwareCustomizer> (0x000000070c6e1540) thrown at [c:/BuildAgent/work/5ff2f6c26000d570/src/hotspot/share/classfile/systemDictionary.cpp, line 231]
Event: 2.664 Thread 0x0000020a8bb6b000 Exception <a 'java/lang/ClassNotFoundException'{0x000000070c5030e8}: org/springframework/aop/framework/AopInfrastructureBeanCustomizer> (0x000000070c5030e8) thrown at [c:/BuildAgent/work/5ff2f6c26000d570/src/hotspot/share/classfile/systemDictionary.cpp, l

Events (20 events):
Event: 2.672 loading class org/springframework/aop/support/annotation/AnnotationClassFilter done
Event: 2.672 loading class org/springframework/aop/ClassFilter
Event: 2.672 loading class org/springframework/aop/ClassFilter done
Event: 2.672 loading class org/springframework/aop/MethodMatcher
Event: 2.672 loading class org/springframework/aop/MethodMatcher done
Event: 2.672 loading class org/springframework/aop/TrueMethodMatcher
Event: 2.672 loading class org/springframework/aop/TrueMethodMatcher done
Event: 2.673 loading class org/springframework/context/support/DelegatingMessageSource
Event: 2.673 loading class org/springframework/context/support/DelegatingMessageSource done
Event: 2.673 loading class org/springframework/context/HierarchicalMessageSource
Event: 2.673 loading class org/springframework/context/HierarchicalMessageSource done
Event: 2.673 loading class org/springframework/context/support/MessageSourceSupport
Event: 2.673 loading class org/springframework/context/support/MessageSourceSupport done
Event: 2.673 loading class java/text/MessageFormat
Event: 2.674 loading class java/text/MessageFormat done
Event: 2.674 loading class org/springframework/core/annotation/MergedAnnotation
Event: 2.674 loading class org/springframework/core/annotation/MergedAnnotation done
Event: 2.675 loading class org/springframework/core/annotation/SynthesizedAnnotation
Event: 2.675 loading class org/springframework/core/annotation/SynthesizedAnnotation done
Event: 2.677 Executing VM operation: ChangeBreakpoints


Dynamic libraries:
0x00007ff7db1b0000 - 0x00007ff7db1ba000 	E:\IntelliJ IDEA 2019.3.5\jbr\bin\java.exe
0x00007ffa74f30000 - 0x00007ffa75128000 	C:\WINDOWS\SYSTEM32\ntdll.dll
0x00007ffa73ac0000 - 0x00007ffa73b7d000 	C:\WINDOWS\System32\KERNEL32.DLL
0x00007ffa72680000 - 0x00007ffa7294e000 	C:\WINDOWS\System32\KERNELBASE.dll
0x00007ffa72e90000 - 0x00007ffa72f90000 	C:\WINDOWS\System32\ucrtbase.dll
0x00007ffa450d0000 - 0x00007ffa450e7000 	E:\IntelliJ IDEA 2019.3.5\jbr\bin\VCRUNTIME140.dll
0x00007ffa5daa0000 - 0x00007ffa5dab9000 	E:\IntelliJ IDEA 2019.3.5\jbr\bin\jli.dll
0x00007ffa746d0000 - 0x00007ffa74870000 	C:\WINDOWS\System32\USER32.dll
0x00007ffa72a30000 - 0x00007ffa72a52000 	C:\WINDOWS\System32\win32u.dll
0x00007ffa73340000 - 0x00007ffa7336a000 	C:\WINDOWS\System32\GDI32.dll
0x00007ffa60820000 - 0x00007ffa60aba000 	C:\WINDOWS\WinSxS\amd64_microsoft.windows.common-controls_6595b64144ccf1df_6.0.19041.1110_none_60b5254171f9507e\COMCTL32.dll
0x00007ffa72ce0000 - 0x00007ffa72deb000 	C:\WINDOWS\System32\gdi32full.dll
0x00007ffa73d40000 - 0x00007ffa73dde000 	C:\WINDOWS\System32\msvcrt.dll
0x00007ffa72df0000 - 0x00007ffa72e8d000 	C:\WINDOWS\System32\msvcp_win.dll
0x00007ffa73a10000 - 0x00007ffa73a40000 	C:\WINDOWS\System32\IMM32.DLL
0x00007ffa366b0000 - 0x00007ffa3674d000 	E:\IntelliJ IDEA 2019.3.5\jbr\bin\msvcp140.dll
0x00007ffa21780000 - 0x00007ffa2223d000 	E:\IntelliJ IDEA 2019.3.5\jbr\bin\server\jvm.dll
0x00007ffa74c90000 - 0x00007ffa74d3e000 	C:\WINDOWS\System32\ADVAPI32.dll
0x00007ffa73370000 - 0x00007ffa7340c000 	C:\WINDOWS\System32\sechost.dll
0x00007ffa73040000 - 0x00007ffa73165000 	C:\WINDOWS\System32\RPCRT4.dll
0x00007ffa732b0000 - 0x00007ffa732b8000 	C:\WINDOWS\System32\PSAPI.DLL
0x00007ffa6dfe0000 - 0x00007ffa6dfe9000 	C:\WINDOWS\SYSTEM32\WSOCK32.dll
0x00007ffa6ba40000 - 0x00007ffa6ba4a000 	C:\WINDOWS\SYSTEM32\VERSION.dll
0x00007ffa61b80000 - 0x00007ffa61ba7000 	C:\WINDOWS\SYSTEM32\WINMM.dll
0x00007ffa73a50000 - 0x00007ffa73abb000 	C:\WINDOWS\System32\WS2_32.dll
0x00007ffa70f10000 - 0x00007ffa70f22000 	C:\WINDOWS\SYSTEM32\kernel.appcore.dll
0x00007ffa5dac0000 - 0x00007ffa5dad1000 	E:\IntelliJ IDEA 2019.3.5\jbr\bin\verify.dll
0x00007ffa70450000 - 0x00007ffa70634000 	C:\WINDOWS\SYSTEM32\DBGHELP.DLL
0x00007ffa5c140000 - 0x00007ffa5c16c000 	C:\WINDOWS\SYSTEM32\dbgcore.DLL
0x00007ffa72950000 - 0x00007ffa729d2000 	C:\WINDOWS\System32\bcryptPrimitives.dll
0x00007ffa4e910000 - 0x00007ffa4e939000 	E:\IntelliJ IDEA 2019.3.5\jbr\bin\java.dll
0x00007ffa48ad0000 - 0x00007ffa48b08000 	E:\IntelliJ IDEA 2019.3.5\jbr\bin\jdwp.dll
0x00007ffa6d330000 - 0x00007ffa6d33f000 	E:\IntelliJ IDEA 2019.3.5\jbr\bin\instrument.dll
0x00007ffa4e8f0000 - 0x00007ffa4e908000 	E:\IntelliJ IDEA 2019.3.5\jbr\bin\zip.dll
0x00007ffa5f0c0000 - 0x00007ffa5f0cb000 	E:\IntelliJ IDEA 2019.3.5\jbr\bin\jimage.dll
0x00007ffa73de0000 - 0x00007ffa74524000 	C:\WINDOWS\System32\SHELL32.dll
0x00007ffa70730000 - 0x00007ffa70ec4000 	C:\WINDOWS\SYSTEM32\windows.storage.dll
0x00007ffa74870000 - 0x00007ffa74bc4000 	C:\WINDOWS\System32\combase.dll
0x00007ffa720b0000 - 0x00007ffa720e0000 	C:\WINDOWS\SYSTEM32\Wldp.dll
0x00007ffa73890000 - 0x00007ffa7393d000 	C:\WINDOWS\System32\SHCORE.dll
0x00007ffa732c0000 - 0x00007ffa73315000 	C:\WINDOWS\System32\shlwapi.dll
0x00007ffa72590000 - 0x00007ffa725af000 	C:\WINDOWS\SYSTEM32\profapi.dll
0x00007ffa6e0d0000 - 0x00007ffa6e0db000 	E:\IntelliJ IDEA 2019.3.5\jbr\bin\dt_socket.dll
0x00007ffa71e10000 - 0x00007ffa71e7a000 	C:\WINDOWS\system32\mswsock.dll
0x00007ffa4e8d0000 - 0x00007ffa4e8ea000 	E:\IntelliJ IDEA 2019.3.5\jbr\bin\net.dll
0x00007ffa69c90000 - 0x00007ffa69d9a000 	C:\WINDOWS\SYSTEM32\WINHTTP.dll
0x00007ffa4e8b0000 - 0x00007ffa4e8c4000 	E:\IntelliJ IDEA 2019.3.5\jbr\bin\nio.dll
0x00007ffa71b00000 - 0x00007ffa71bca000 	C:\WINDOWS\SYSTEM32\DNSAPI.dll
0x00007ffa71ab0000 - 0x00007ffa71aeb000 	C:\WINDOWS\SYSTEM32\IPHLPAPI.DLL
0x00007ffa73a40000 - 0x00007ffa73a48000 	C:\WINDOWS\System32\NSI.dll
0x00007ffa6bb90000 - 0x00007ffa6bb9a000 	C:\Windows\System32\rasadhlp.dll
0x00007ffa64e70000 - 0x00007ffa64ef0000 	C:\WINDOWS\System32\fwpuclnt.dll
0x00007ffa72650000 - 0x00007ffa72677000 	C:\WINDOWS\System32\bcrypt.dll
0x00007ffa49600000 - 0x00007ffa4960a000 	E:\IntelliJ IDEA 2019.3.5\jbr\bin\management.dll
0x00007ffa495f0000 - 0x00007ffa495fc000 	E:\IntelliJ IDEA 2019.3.5\jbr\bin\management_ext.dll
0x00007ffa72010000 - 0x00007ffa72028000 	C:\WINDOWS\SYSTEM32\CRYPTSP.dll
0x00007ffa71720000 - 0x00007ffa71754000 	C:\WINDOWS\system32\rsaenh.dll
0x00007ffa72550000 - 0x00007ffa7257e000 	C:\WINDOWS\SYSTEM32\USERENV.dll
0x00007ffa72000000 - 0x00007ffa7200c000 	C:\WINDOWS\SYSTEM32\CRYPTBASE.dll
0x00007ffa6ba20000 - 0x00007ffa6ba37000 	C:\WINDOWS\SYSTEM32\dhcpcsvc6.DLL
0x00007ffa6b840000 - 0x00007ffa6b85d000 	C:\WINDOWS\SYSTEM32\dhcpcsvc.DLL
0x00007ffa51280000 - 0x00007ffa51297000 	C:\WINDOWS\system32\napinsp.dll
0x00007ffa51260000 - 0x00007ffa5127b000 	C:\WINDOWS\system32\pnrpnsp.dll
0x00007ffa6d4b0000 - 0x00007ffa6d4c5000 	C:\WINDOWS\system32\wshbth.dll
0x00007ffa6dfa0000 - 0x00007ffa6dfbd000 	C:\WINDOWS\system32\NLAapi.dll
0x00007ffa4e760000 - 0x00007ffa4e772000 	C:\WINDOWS\System32\winrnr.dll

dbghelp: loaded successfully - version: 4.0.5 - missing functions: none
symbol engine: initialized successfully - sym options: 0x614 - pdb path: .;E:\IntelliJ IDEA 2019.3.5\jbr\bin;C:\WINDOWS\SYSTEM32;C:\WINDOWS\WinSxS\amd64_microsoft.windows.common-controls_6595b64144ccf1df_6.0.19041.1110_none_60b5254171f9507e;E:\IntelliJ IDEA 2019.3.5\jbr\bin\server

VM Arguments:
jvm_args: -agentlib:jdwp=transport=dt_socket,address=127.0.0.1:56398,suspend=y,server=n -XX:TieredStopAtLevel=1 -Xverify:none -Dspring.output.ansi.enabled=always -Dcom.sun.management.jmxremote -Dspring.jmx.enabled=true -Dspring.liveBeansView.mbeanDomain -Dspring.application.admin.enabled=true -javaagent:C:\Users\谢昕捷\.IntelliJIdea2019.3\system\captureAgent\debugger-agent.jar=file:/C:/Users/%E8%B0%A2%E6%98%95%E6%8D%B7/AppData/Local/Temp/capture.props -Dfile.encoding=UTF-8 
java_command: com.xxj.qqbot.MiraiBotApplication
java_class_path (initial): E:\JavaWork\rebot\web\target\classes;E:\JavaWork\rebot\evnet\target\classes;E:\JavaWork\rebot\util\target\classes;E:\maven_local_repository\redis\clients\jedis\3.8.0\jedis-3.8.0.jar;E:\maven_local_repository\org\apache\commons\commons-pool2\2.11.1\commons-pool2-2.11.1.jar;E:\maven_local_repository\org\springframework\data\spring-data-redis\2.7.2\spring-data-redis-2.7.2.jar;E:\maven_local_repository\org\springframework\data\spring-data-keyvalue\2.7.2\spring-data-keyvalue-2.7.2.jar;E:\maven_local_repository\org\springframework\spring-oxm\5.3.22\spring-oxm-5.3.22.jar;E:\maven_local_repository\org\springframework\spring-context-support\5.3.22\spring-context-support-5.3.22.jar;E:\maven_local_repository\com\baidu\aip\java-sdk\4.16.10\java-sdk-4.16.10.jar;E:\maven_local_repository\org\json\json\20160810\json-20160810.jar;E:\maven_local_repository\com\google\guava\guava\23.0\guava-23.0.jar;E:\maven_local_repository\com\google\code\findbugs\jsr305\1.3.9\jsr305-1.3.9.jar;E:\maven_local_repository\com\google\errorprone\error_prone_annotations\2.0.18\error_prone_annotations-2.0.18.jar;E:\maven_local_repository\com\google\j2objc\j2objc-annotations\1.1\j2objc-annotations-1.1.jar;E:\maven_local_repository\org\codehaus\mojo\animal-sniffer-annotations\1.14\animal-sniffer-annotations-1.14.jar;E:\maven_local_repository\org\jsoup\jsoup\1.15.2\jsoup-1.15.2.jar;E:\maven_local_repository\cn\hutool\hutool-all\5.8.5\hutool-all-5.8.5.jar;E:\maven_local_repository\com\alibaba\druid\1.2.3\druid-1.2.3.jar;E:\maven_local_repository\javax\annotation\javax.annotation-api\1.3.2\javax.annotation-api-1.3.2.jar;E:\maven_local_repository\org\springframework\boot\spring-boot-starter-data-jpa\2.7.2\spring-boot-starter-data-jpa-2.7.2.jar;E:\maven_local_repository\org\springframework\boot\spring-boot-starter-aop\2.7.2\spring-boot-starter-aop-2.7.2.jar;E:\maven_local_repository\org\springframework\spring-aop\5.3.22\spring-aop-5.3.22.jar;E:\maven_local_repository\org\aspectj\aspe
Launcher Type: SUN_STANDARD

[Global flags]
     bool BytecodeVerificationLocal                = false                                     {product} {command line}
     bool BytecodeVerificationRemote               = false                                     {product} {command line}
     intx CICompilerCount                          = 12                                        {product} {ergonomic}
     uint ConcGCThreads                            = 3                                         {product} {ergonomic}
     uint G1ConcRefinementThreads                  = 13                                        {product} {ergonomic}
   size_t G1HeapRegionSize                         = 1048576                                   {product} {ergonomic}
    uintx GCDrainStackTargetSize                   = 64                                        {product} {ergonomic}
   size_t InitialHeapSize                          = 266338304                                 {product} {ergonomic}
     bool ManagementServer                         = true                                      {product} {command line}
   size_t MarkStackSize                            = 4194304                                   {product} {ergonomic}
   size_t MaxHeapSize                              = 4261412864                                {product} {ergonomic}
   size_t MaxNewSize                               = 2556428288                                {product} {ergonomic}
   size_t MinHeapDeltaBytes                        = 1048576                                   {product} {ergonomic}
    uintx NonNMethodCodeHeapSize                   = 12163472                               {pd product} {ergonomic}
    uintx NonProfiledCodeHeapSize                  = 239494768                              {pd product} {ergonomic}
    uintx ProfiledCodeHeapSize                     = 0                                      {pd product} {ergonomic}
    uintx ReservedCodeCacheSize                    = 251658240                              {pd product} {ergonomic}
     bool SegmentedCodeCache                       = true                                      {product} {ergonomic}
     intx TieredStopAtLevel                        = 1                                         {product} {command line}
     bool UseCompressedClassPointers               = true                                 {lp64_product} {ergonomic}
     bool UseCompressedOops                        = true                                 {lp64_product} {ergonomic}
     bool UseG1GC                                  = true                                      {product} {ergonomic}
     bool UseLargePagesIndividualAllocation        = false                                  {pd product} {ergonomic}

Logging:
Log output configuration:
 #0: stdout all=warning uptime,level,tags
 #1: stderr all=off uptime,level,tags

Environment Variables:
JAVA_HOME=E:\JDK8
CLASSPATH=E:\javaout;.;
PATH=C:\Program Files\NVIDIA GPU Computing Toolkit\CUDA\v11.0\bin;C:\Program Files\NVIDIA GPU Computing Toolkit\CUDA\v11.0\libnvvp;C:\Windows\system32;C:\Windows;C:\Windows\System32\Wbem;C:\Windows\System32\WindowsPowerShell\v1.0\;C:\Windows\System32\OpenSSH\;C:\Program Files (x86)\NVIDIA Corporation\PhysX\Common;C:\Program Files\NVIDIA Corporation\NVIDIA NvDLISR;C:\WINDOWS\system32;C:\WINDOWS;C:\WINDOWS\System32\Wbem;C:\WINDOWS\System32\WindowsPowerShell\v1.0\;C:\WINDOWS\System32\OpenSSH\;C:\Program Files (x86)\Microsoft SQL Server\140\Tools\Binn\;C:\Program Files\Microsoft SQL Server\140\Tools\Binn\;C:\Program Files (x86)\Microsoft SQL Server\140\DTS\Binn\;C:\Program Files\Microsoft SQL Server\140\DTS\Binn\;C:\Program Files\Microsoft SQL Server\Client SDK\ODBC\130\Tools\Binn\;C:\Program Files (x86)\Microsoft SQL Server\150\DTS\Binn\;E:\apache-tomcat-8.5.65\lib;E:\apache-tomcat-8.5.65\lib\servlet-api.jar;E:\apache-tomcat-8.5.65\lib\jsp-api.jar;E:\Git\cmd;E:\apache-maven-3.8.2\bin;E:\jdk-11\bin;C:\Program Files\NVIDIA Corporation\Nsight Compute 2020.1.1\;E:\MYSQLD\mysql-8.0.26-winx64\bin;E:\node-v16.14.0-win-x64\node-global;E:\node-v16.14.0-win-x64;E:\phpStorme\php-8.1.6-Win32-vs16-x64;E:\nginx-1.18.0;E:\gosdk\bin;C:\Users\谢昕捷\AppData\Local\Microsoft\WindowsApps;E:\IntelliJ IDEA 2019.3.5\bin;;E:\apache-tomcat-8.5.65\bin;E:\apache-tomcat-8.5.65\lib;E:\apache-tomcat-8.5.65\lib\servlet-api.jar;E:\apache-tomcat-8.5.65\lib\jsp-api.jar;E:\Microsoft VS Code\bin;E:\JDK8\bin;;E:\Fiddler
USERNAME=谢昕捷
OS=Windows_NT
PROCESSOR_IDENTIFIER=Intel64 Family 6 Model 165 Stepping 2, GenuineIntel



---------------  S Y S T E M  ---------------

OS: Windows 10 , 64 bit Build 19041 (10.0.19041.1889)

CPU:total 16 (initial active 16) (8 cores per cpu, 2 threads per core) family 6 model 165 stepping 2, cmov, cx8, fxsr, mmx, sse, sse2, sse3, ssse3, sse4.1, sse4.2, popcnt, avx, avx2, aes, clmul, erms, 3dnowpref, lzcnt, ht, tsc, tscinvbit, bmi1, bmi2, adx, fma

Memory: 4k page, system-wide physical 16250M (8666M free)
TotalPageFile size 23162M (AvailPageFile size 9831M)
current process WorkingSet (physical memory assigned to process): 255M, peak: 255M
current process commit charge ("private bytes"): 401M, peak: 401M

vm_info: OpenJDK 64-Bit Server VM (11.0.6+8-b520.66) for windows-amd64 JRE (11.0.6+8-b520.66), built on Apr 20 2020 16:47:00 by "" with MS VC++ 14.0 (VS2015)

END.
